TN:
SF:src/use_cases/submit_feedback_use_case.ts
FN:15,execute
FN:11,SubmitFeedbackUseCase
FNF:2
FNH:2
FNDA:4,execute
FNDA:1,SubmitFeedbackUseCase
DA:1,1
DA:2,1
DA:3,1
DA:4,1
DA:5,1
DA:6,1
DA:7,1
DA:8,1
DA:9,1
DA:10,1
DA:11,1
DA:12,1
DA:13,1
DA:14,1
DA:15,1
DA:16,4
DA:17,4
DA:18,4
DA:19,1
DA:20,1
DA:21,4
DA:22,1
DA:23,1
DA:24,4
DA:25,2
DA:26,2
DA:27,0
DA:28,0
DA:29,0
DA:30,0
DA:31,0
DA:32,0
DA:33,0
DA:34,0
DA:35,0
DA:36,0
DA:37,0
DA:38,0
DA:39,0
DA:40,0
DA:41,0
DA:42,1
LF:42
LH:27
BRDA:15,0,0,4
BRDA:18,1,0,1
BRDA:21,2,0,3
BRDA:21,3,0,1
BRDA:24,4,0,2
BRDA:24,5,0,2
BRDA:27,6,0,0
BRDA:11,7,0,1
BRF:8
BRH:7
end_of_record
